#
# There is insufficient memory for the Java Runtime Environment to continue.
# Native memory allocation (mmap) failed to map 65536 bytes for Failed to commit metaspace.
# Possible reasons:
#   The system is out of physical RAM or swap space
#   The process is running with CompressedOops enabled, and the Java Heap may be blocking the growth of the native heap
# Possible solutions:
#   Reduce memory load on the system
#   Increase physical memory or swap space
#   Check if swap backing store is full
#   Decrease Java heap size (-Xmx/-Xms)
#   Decrease number of Java threads
#   Decrease Java thread stack sizes (-Xss)
#   Set larger code cache with -XX:ReservedCodeCacheSize=
#   JVM is running with Zero Based Compressed Oops mode in which the Java heap is
#     placed in the first 32GB address space. The Java Heap base address is the
#     maximum limit for the native heap growth. Please use -XX:HeapBaseMinAddress
#     to set the Java Heap base and to place the Java Heap above 32GB virtual address.
# This output file may be truncated or incomplete.
#
#  Out of Memory Error (virtualSpaceNode.cpp:110), pid=19344, tid=25408
#
# JRE version: Java(TM) SE Runtime Environment (17.0.8+9) (build 17.0.8+9-LTS-211)
# Java VM: Java HotSpot(TM) 64-Bit Server VM (17.0.8+9-LTS-211, mixed mode, sharing, tiered, compressed oops, compressed class ptrs, g1 gc, windows-amd64)
# No core dump will be written. Minidumps are not enabled by default on client versions of Windows
#

---------------  S U M M A R Y ------------

Command Line: -javaagent:C:\Program Files\JetBrains\IntelliJ IDEA Community Edition 2023.2.4\lib\idea_rt.jar=53748:C:\Program Files\JetBrains\IntelliJ IDEA Community Edition 2023.2.4\bin -Dfile.encoding=UTF-8 com.example.Usersmicroservice.UsersmicroserviceApplication

Host: Intel(R) Core(TM) i7-10870H CPU @ 2.20GHz, 16 cores, 31G,  Windows 11 , 64 bit Build 22621 (10.0.22621.3672)
Time: Fri Jul 26 14:49:55 2024 Paris, Madrid (heure duild 22621 (10.0.22621.3672) elapsed time: 1.242840 seconds (0d 0h 0m 1s)

---------------  T H R E A D  ---------------

Current thread (0x000001dd4b825a80):  JavaThread "C1 CompilerThread2" daemon [_thread_in_vm, id=25408, stack(0x0000009b26600000,0x0000009b26700000)]


Current CompileTask:
C1:   1242 1125       3       jdk.internal.org.objectweb.asm.MethodWriter::putMethodInfo (1274 bytes)

Stack: [0x0000009b26600000,0x0000009b26700000]
Native frames: (J=compiled Java code, j=interpreted, Vv=VM code, C=native code)
V  [jvm.dll+0x677d0a]
V  [jvm.dll+0x7d8c54]
V  [jvm.dll+0x7da3fe]
V  [jvm.dll+0x7daa63]
V  [jvm.dll+0x245c5f]
V  [jvm.dll+0x7d4d5b]
V  [jvm.dll+0x61dcf6]
V  [jvm.dll+0x61dd5a]
V  [jvm.dll+0x62057d]
V  [jvm.dll+0x61e6b6]
V  [jvm.dll+0x62f72a]
V  [jvm.dll+0x6286ca]
V  [jvm.dll+0x1cc020]
V  [jvm.dll+0x1cc210]
V  [jvm.dll+0x13459e]
V  [jvm.dll+0x1348c8]
V  [jvm.dll+0x133d61]
V  [jvm.dll+0x135a0d]
V  [jvm.dll+0x2270be]
V  [jvm.dll+0x22535b]
V  [jvm.dll+0x78e7bc]
V  [jvm.dll+0x788bba]
V  [jvm.dll+0x676b35]
C  [ucrtbase.dll+0x29333]
C  [KERNEL32.DLL+0x1257d]
C  [ntdll.dll+0x5af28]


---------------  P R O C E S S  ---------------

Threads class SMR info:
_java_thread_list=0x000001dd91821840, length=18, elements={
0x000001dd1e662af0, 0x000001dd48751d70, 0x000001dd48752be0, 0x000001dd48764f30,
0x000001dd4b5d6fe0, 0x000001dd4b5da9c0, 0x000001dd4b5db370, 0x000001dd48766210,
0x000001dd48766b10, 0x000001dd4876c920, 0x000001dd4b81de80, 0x000001dd4b821720,
0x000001dd4b825a80, 0x000001dd4b827390, 0x000001dd91419f20, 0x000001dd9141a3f0,
0x000001dd916eae50, 0x000001dd9191a3b0
}

Java Threads: ( => current thread )
  0x000001dd1e662af0 JavaThread "main" [_thread_in_vm, id=6480, stack(0x0000009b25400000,0x0000009b25500000)]
  0x000001dd48751d70 JavaThread "Reference Handler" daemon [_thread_blocked, id=15312, stack(0x0000009b25b00000,0x0000009b25c00000)]
  0x000001dd48752be0 JavaThread "Finalizer" daemon [_thread_blocked, id=27444, stack(0x0000009b25c00000,0x0000009b25d00000)]
  0x000001dd48764f30 JavaThread "Signal Dispatcher" daemon [_thread_blocked, id=9264, stack(0x0000009b25d00000,0x0000009b25e00000)]
  0x000001dd4b5d6fe0 JavaThread "Attach Listener" daemon [_thread_blocked, id=35700, stack(0x0000009b25e00000,0x0000009b25f00000)]
  0x000001dd4b5da9c0 JavaThread "Service Thread" daemon [_thread_blocked, id=30004, stack(0x0000009b25f00000,0x0000009b26000000)]
  0x000001dd4b5db370 JavaThread "Monitor Deflation Thread" daemon [_thread_blocked, id=31524, stack(0x0000009b26000000,0x0000009b26100000)]
  0x000001dd48766210 JavaThread "C2 CompilerThread0" daemon [_thread_blocked, id=27384, stack(0x0000009b26100000,0x0000009b26200000)]
  0x000001dd48766b10 JavaThread "C1 CompilerThread0" daemon [_thread_blocked, id=19080, stack(0x0000009b26200000,0x0000009b26300000)]
  0x000001dd4876c920 JavaThread "Sweeper thread" daemon [_thread_blocked, id=18100, stack(0x0000009b26300000,0x0000009b26400000)]
  0x000001dd4b81de80 JavaThread "Common-Cleaner" daemon [_thread_blocked, id=8420, stack(0x0000009b26400000,0x0000009b26500000)]
  0x000001dd4b821720 JavaThread "C1 CompilerThread1" daemon [_thread_blocked, id=23652, stack(0x0000009b26500000,0x0000009b26600000)]
=>0x000001dd4b825a80 JavaThread "C1 CompilerThread2" daemon [_thread_in_vm, id=25408, stack(0x0000009b26600000,0x0000009b26700000)]
  0x000001dd4b827390 JavaThread "C2 CompilerThread1" daemon [_thread_blocked, id=12644, stack(0x0000009b26700000,0x0000009b26800000)]
  0x000001dd91419f20 JavaThread "Monitor Ctrl-Break" daemon [_thread_in_native, id=20428, stack(0x0000009b26800000,0x0000009b26900000)]
  0x000001dd9141a3f0 JavaThread "Notification Thread" daemon [_thread_blocked, id=28364, stack(0x0000009b26900000,0x0000009b26a00000)]
  0x000001dd916eae50 JavaThread "C2 CompilerThread2" daemon [_thread_blocked, id=408, stack(0x0000009b26b00000,0x0000009b26c00000)]
  0x000001dd9191a3b0 JavaThread "C2 CompilerThread3" daemon [_thread_blocked, id=32248, stack(0x0000009b26c00000,0x0000009b26d00000)]

Other Threads:
  0x000001dd4874e180 VMThread "VM Thread" [stack: 0x0000009b25a00000,0x0000009b25b00000] [id=4092]
  0x000001dd912ef330 WatcherThread [stack: 0x0000009b26a00000,0x0000009b26b00000] [id=29088]
  0x000001dd485b0a00 GCTaskThread "GC Thread#0" [stack: 0x0000009b25500000,0x0000009b25600000] [id=10020]
  0x000001dd92527920 GCTaskThread "GC Thread#1" [stack: 0x0000009b26d00000,0x0000009b26e00000] [id=15068]
  0x000001dd91f03dc0 GCTaskThread "GC Thread#2" [stack: 0x0000009b26e00000,0x0000009b26f00000] [id=10876]
  0x000001dd92241950 GCTaskThread "GC Thread#3" [stack: 0x0000009b26f00000,0x0000009b27000000] [id=34232]
  0x000001dd91bbad70 GCTaskThread "GC Thread#4" [stack: 0x0000009b27000000,0x0000009b27100000] [id=23492]
  0x000001dd91972580 GCTaskThread "GC Thread#5" [stack: 0x0000009b27100000,0x0000009b27200000] [id=30112]
  0x000001dd91c06b50 GCTaskThread "GC Thread#6" [stack: 0x0000009b27200000,0x0000009b27300000] [id=14468]
  0x000001dd9219bf70 GCTaskThread "GC Thread#7" [stack: 0x0000009b27300000,0x0000009b27400000] [id=12188]
  0x000001dd91974ca0 GCTaskThread "GC Thread#8" [stack: 0x0000009b27400000,0x0000009b27500000] [id=7872]
  0x000001dd919753d0 GCTaskThread "GC Thread#9" [stack: 0x0000009b27500000,0x0000009b27600000] [id=33752]
  0x000001dd4b907820 GCTaskThread "GC Thread#10" [stack: 0x0000009b27600000,0x0000009b27700000] [id=27948]
  0x000001dd4b907ad0 GCTaskThread "GC Thread#11" [stack: 0x0000009b27700000,0x0000009b27800000] [id=33140]
  0x000001dd1e6e0740 ConcurrentGCThread "G1 Main Marker" [stack: 0x0000009b25600000,0x0000009b25700000] [id=19392]
  0x000001dd1e6e1060 ConcurrentGCThread "G1 Conc#0" [stack: 0x0000009b25700000,0x0000009b25800000] [id=4056]
  0x000001dd1e70db90 ConcurrentGCThread "G1 Refine#0" [stack: 0x0000009b25800000,0x0000009b25900000] [id=9704]
  0x000001dd1e70e5b0 ConcurrentGCThread "G1 Service" [stack: 0x0000009b25900000,0x0000009b25a00000] [id=33452]

Threads with active compile tasks:
C1 CompilerThread0     1279 1120       3       jdk.internal.org.objectweb.asm.MethodWriter::visitMaxs (60 bytes)
C1 CompilerThread1     1279 1127       3       java.lang.PublicMethods$Key::matches (31 bytes)
C1 CompilerThread2     1279 1125       3       jdk.internal.org.objectweb.asm.MethodWriter::putMethodInfo (1274 bytes)

VM state: not at safepoint (normal execution)

VM Mutex/Monitor currently owned by a thread:  ([mutex/lock_event])
[0x000001dd1e651770] Metaspace_lock - owner thread: 0x000001dd4b825a80
[0x000001dd1e65c770] MethodData_lock - owner thread: 0x000001dd4b825a80

Heap address: 0x0000000603800000, size: 8136 MB, Compressed Oops mode: Zero based, Oop shift amount: 3

CDS archive(s) mapped at: [0x000001dd4c000000-0x000001dd4cbd0000-0x000001dd4cbd0000), size 12386304, SharedBaseAddress: 0x000001dd4c000000, ArchiveRelocationMode: 1.
Compressed class space mapped at: 0x000001dd4d000000-0x000001dd8d000000, reserved size: 1073741824
Narrow klass base: 0x000001dd4c000000, Narrow klass shift: 0, Narrow klass range: 0x100000000

GC Precious Log:
 CPUs: 16 total, 16 available
 Memory: 32543M
 Large Page Support: Disabled
 NUMA Support: Disabled
 Compressed Oops: Enabled (Zero based)
 Heap Region Size: 4M
 Heap Min Capacity: 8M
 Heap Initial Capacity: 512M
 Heap Max Capacity: 8136M
 Pre-touch: Disabled
 Parallel Workers: 13
 Concurrent Workers: 3
 Concurrent Refinement Workers: 13
 Periodic GC: Disabled

Heap:
 garbage-first heap   total 524288K, used 14235K [0x0000000603800000, 0x0000000800000000)
  region size 4096K, 3 young (12288K), 1 survivors (4096K)
 Metaspace       used 4944K, committed 5120K, reserved 1114112K
  class space    used 538K, committed 640K, reserved 1048576K

Heap Regions: E=young(eden), S=young(survivor), O=old, HS=humongous(starts), HC=humongous(continues), CS=collection set, F=free, OA=open archive, CA=closed archive, TAMS=top-at-mark-start (previous, next)
|   0|0x0000000603800000, 0x0000000603c00000, 0x0000000603c00000|100%| O|  |TAMS 0x0000000603800000, 0x0000000603800000| Untracked 
|   1|0x0000000603c00000, 0x0000000603de6c00, 0x0000000604000000| 47%| O|  |TAMS 0x0000000603c00000, 0x0000000603c00000| Untracked 
|   2|0x0000000604000000, 0x0000000604000000, 0x0000000604400000|  0%| F|  |TAMS 0x0000000604000000, 0x0000000604000000| Untracked 
|   3|0x0000000604400000, 0x0000000604400000, 0x0000000604800000|  0%| F|  |TAMS 0x0000000604400000, 0x0000000604400000| Untracked 
|   4|0x0000000604800000, 0x0000000604800000, 0x0000000604c00000|  0%| F|  |TAMS 0x0000000604800000, 0x0000000604800000| Untracked 
|   5|0x0000000604c00000, 0x0000000604c00000, 0x0000000605000000|  0%| F|  |TAMS 0x0000000604c00000, 0x0000000604c00000| Untracked 
|   6|0x0000000605000000, 0x0000000605000000, 0x0000000605400000|  0%| F|  |TAMS 0x0000000605000000, 0x0000000605000000| Untracked 
|   7|0x0000000605400000, 0x0000000605400000, 0x0000000605800000|  0%| F|  |TAMS 0x0000000605400000, 0x0000000605400000| Untracked 
|   8|0x0000000605800000, 0x0000000605800000, 0x0000000605c00000|  0%| F|  |TAMS 0x0000000605800000, 0x0000000605800000| Untracked 
|   9|0x0000000605c00000, 0x0000000605c00000, 0x0000000606000000|  0%| F|  |TAMS 0x0000000605c00000, 0x0000000605c00000| Untracked 
|  10|0x0000000606000000, 0x0000000606000000, 0x0000000606400000|  0%| F|  |TAMS 0x0000000606000000, 0x0000000606000000| Untracked 
|  11|0x0000000606400000, 0x0000000606400000, 0x0000000606800000|  0%| F|  |TAMS 0x0000000606400000, 0x0000000606400000| Untracked 
|  12|0x0000000606800000, 0x0000000606800000, 0x0000000606c00000|  0%| F|  |TAMS 0x0000000606800000, 0x0000000606800000| Untracked 
|  13|0x0000000606c00000, 0x0000000606c00000, 0x0000000607000000|  0%| F|  |TAMS 0x0000000606c00000, 0x0000000606c00000| Untracked 
|  14|0x0000000607000000, 0x0000000607000000, 0x0000000607400000|  0%| F|  |TAMS 0x0000000607000000, 0x0000000607000000| Untracked 
|  15|0x0000000607400000, 0x0000000607400000, 0x0000000607800000|  0%| F|  |TAMS 0x0000000607400000, 0x0000000607400000| Untracked 
|  16|0x0000000607800000, 0x0000000607800000, 0x0000000607c00000|  0%| F|  |TAMS 0x0000000607800000, 0x0000000607800000| Untracked 
|  17|0x0000000607c00000, 0x0000000607c00000, 0x0000000608000000|  0%| F|  |TAMS 0x0000000607c00000, 0x0000000607c00000| Untracked 
|  18|0x0000000608000000, 0x0000000608000000, 0x0000000608400000|  0%| F|  |TAMS 0x0000000608000000, 0x0000000608000000| Untracked 
|  19|0x0000000608400000, 0x0000000608400000, 0x0000000608800000|  0%| F|  |TAMS 0x0000000608400000, 0x0000000608400000| Untracked 
|  20|0x0000000608800000, 0x0000000608800000, 0x0000000608c00000|  0%| F|  |TAMS 0x0000000608800000, 0x0000000608800000| Untracked 
|  21|0x0000000608c00000, 0x0000000608c00000, 0x0000000609000000|  0%| F|  |TAMS 0x0000000608c00000, 0x0000000608c00000| Untracked 
|  22|0x0000000609000000, 0x0000000609000000, 0x0000000609400000|  0%| F|  |TAMS 0x0000000609000000, 0x0000000609000000| Untracked 
|  23|0x0000000609400000, 0x0000000609400000, 0x0000000609800000|  0%| F|  |TAMS 0x0000000609400000, 0x0000000609400000| Untracked 
|  24|0x0000000609800000, 0x0000000609800000, 0x0000000609c00000|  0%| F|  |TAMS 0x0000000609800000, 0x0000000609800000| Untracked 
|  25|0x0000000609c00000, 0x0000000609c00000, 0x000000060a000000|  0%| F|  |TAMS 0x0000000609c00000, 0x0000000609c00000| Untracked 
|  26|0x000000060a000000, 0x000000060a000000, 0x000000060a400000|  0%| F|  |TAMS 0x000000060a000000, 0x000000060a000000| Untracked 
|  27|0x000000060a400000, 0x000000060a400000, 0x000000060a800000|  0%| F|  |TAMS 0x000000060a400000, 0x000000060a400000| Untracked 
|  28|0x000000060a800000, 0x000000060a800000, 0x000000060ac00000|  0%| F|  |TAMS 0x000000060a800000, 0x000000060a800000| Untracked 
|  29|0x000000060ac00000, 0x000000060ac00000, 0x000000060b000000|  0%| F|  |TAMS 0x000000060ac00000, 0x000000060ac00000| Untracked 
|  30|0x000000060b000000, 0x000000060b000000, 0x000000060b400000|  0%| F|  |TAMS 0x000000060b000000, 0x000000060b000000| Untracked 
|  31|0x000000060b400000, 0x000000060b400000, 0x000000060b800000|  0%| F|  |TAMS 0x000000060b400000, 0x000000060b400000| Untracked 
|  32|0x000000060b800000, 0x000000060b800000, 0x000000060bc00000|  0%| F|  |TAMS 0x000000060b800000, 0x000000060b800000| Untracked 
|  33|0x000000060bc00000, 0x000000060bc00000, 0x000000060c000000|  0%| F|  |TAMS 0x000000060bc00000, 0x000000060bc00000| Untracked 
|  34|0x000000060c000000, 0x000000060c000000, 0x000000060c400000|  0%| F|  |TAMS 0x000000060c000000, 0x000000060c000000| Untracked 
|  35|0x000000060c400000, 0x000000060c400000, 0x000000060c800000|  0%| F|  |TAMS 0x000000060c400000, 0x000000060c400000| Untracked 
|  36|0x000000060c800000, 0x000000060c800000, 0x000000060cc00000|  0%| F|  |TAMS 0x000000060c800000, 0x000000060c800000| Untracked 
|  37|0x000000060cc00000, 0x000000060cc00000, 0x000000060d000000|  0%| F|  |TAMS 0x000000060cc00000, 0x000000060cc00000| Untracked 
|  38|0x000000060d000000, 0x000000060d000000, 0x000000060d400000|  0%| F|  |TAMS 0x000000060d000000, 0x000000060d000000| Untracked 
|  39|0x000000060d400000, 0x000000060d400000, 0x000000060d800000|  0%| F|  |TAMS 0x000000060d400000, 0x000000060d400000| Untracked 
|  40|0x000000060d800000, 0x000000060d800000, 0x000000060dc00000|  0%| F|  |TAMS 0x000000060d800000, 0x000000060d800000| Untracked 
|  41|0x000000060dc00000, 0x000000060dc00000, 0x000000060e000000|  0%| F|  |TAMS 0x000000060dc00000, 0x000000060dc00000| Untracked 
|  42|0x000000060e000000, 0x000000060e000000, 0x000000060e400000|  0%| F|  |TAMS 0x000000060e000000, 0x000000060e000000| Untracked 
|  43|0x000000060e400000, 0x000000060e400000, 0x000000060e800000|  0%| F|  |TAMS 0x000000060e400000, 0x000000060e400000| Untracked 
|  44|0x000000060e800000, 0x000000060e800000, 0x000000060ec00000|  0%| F|  |TAMS 0x000000060e800000, 0x000000060e800000| Untracked 
|  45|0x000000060ec00000, 0x000000060ec00000, 0x000000060f000000|  0%| F|  |TAMS 0x000000060ec00000, 0x000000060ec00000| Untracked 
|  46|0x000000060f000000, 0x000000060f000000, 0x000000060f400000|  0%| F|  |TAMS 0x000000060f000000, 0x000000060f000000| Untracked 
|  47|0x000000060f400000, 0x000000060f400000, 0x000000060f800000|  0%| F|  |TAMS 0x000000060f400000, 0x000000060f400000| Untracked 
|  48|0x000000060f800000, 0x000000060f800000, 0x000000060fc00000|  0%| F|  |TAMS 0x000000060f800000, 0x000000060f800000| Untracked 
|  49|0x000000060fc00000, 0x000000060fc00000, 0x0000000610000000|  0%| F|  |TAMS 0x000000060fc00000, 0x000000060fc00000| Untracked 
|  50|0x0000000610000000, 0x0000000610000000, 0x0000000610400000|  0%| F|  |TAMS 0x0000000610000000, 0x0000000610000000| Untracked 
|  51|0x0000000610400000, 0x0000000610400000, 0x0000000610800000|  0%| F|  |TAMS 0x0000000610400000, 0x0000000610400000| Untracked 
|  52|0x0000000610800000, 0x0000000610800000, 0x0000000610c00000|  0%| F|  |TAMS 0x0000000610800000, 0x0000000610800000| Untracked 
|  53|0x0000000610c00000, 0x0000000610c00000, 0x0000000611000000|  0%| F|  |TAMS 0x0000000610c00000, 0x0000000610c00000| Untracked 
|  54|0x0000000611000000, 0x0000000611000000, 0x0000000611400000|  0%| F|  |TAMS 0x0000000611000000, 0x0000000611000000| Untracked 
|  55|0x0000000611400000, 0x0000000611400000, 0x0000000611800000|  0%| F|  |TAMS 0x0000000611400000, 0x0000000611400000| Untracked 
|  56|0x0000000611800000, 0x0000000611800000, 0x0000000611c00000|  0%| F|  |TAMS 0x0000000611800000, 0x0000000611800000| Untracked 
|  57|0x0000000611c00000, 0x0000000611c00000, 0x0000000612000000|  0%| F|  |TAMS 0x0000000611c00000, 0x0000000611c00000| Untracked 
|  58|0x0000000612000000, 0x0000000612000000, 0x0000000612400000|  0%| F|  |TAMS 0x0000000612000000, 0x0000000612000000| Untracked 
|  59|0x0000000612400000, 0x0000000612400000, 0x0000000612800000|  0%| F|  |TAMS 0x0000000612400000, 0x0000000612400000| Untracked 
|  60|0x0000000612800000, 0x0000000612800000, 0x0000000612c00000|  0%| F|  |TAMS 0x0000000612800000, 0x0000000612800000| Untracked 
|  61|0x0000000612c00000, 0x0000000612c00000, 0x0000000613000000|  0%| F|  |TAMS 0x0000000612c00000, 0x0000000612c00000| Untracked 
|  62|0x0000000613000000, 0x0000000613000000, 0x0000000613400000|  0%| F|  |TAMS 0x0000000613000000, 0x0000000613000000| Untracked 
|  63|0x0000000613400000, 0x0000000613400000, 0x0000000613800000|  0%| F|  |TAMS 0x0000000613400000, 0x0000000613400000| Untracked 
|  64|0x0000000613800000, 0x0000000613800000, 0x0000000613c00000|  0%| F|  |TAMS 0x0000000613800000, 0x0000000613800000| Untracked 
|  65|0x0000000613c00000, 0x0000000613c00000, 0x0000000614000000|  0%| F|  |TAMS 0x0000000613c00000, 0x0000000613c00000| Untracked 
|  66|0x0000000614000000, 0x0000000614000000, 0x0000000614400000|  0%| F|  |TAMS 0x0000000614000000, 0x0000000614000000| Untracked 
|  67|0x0000000614400000, 0x0000000614400000, 0x0000000614800000|  0%| F|  |TAMS 0x0000000614400000, 0x0000000614400000| Untracked 
|  68|0x0000000614800000, 0x0000000614800000, 0x0000000614c00000|  0%| F|  |TAMS 0x0000000614800000, 0x0000000614800000| Untracked 
|  69|0x0000000614c00000, 0x0000000614c00000, 0x0000000615000000|  0%| F|  |TAMS 0x0000000614c00000, 0x0000000614c00000| Untracked 
|  70|0x0000000615000000, 0x0000000615000000, 0x0000000615400000|  0%| F|  |TAMS 0x0000000615000000, 0x0000000615000000| Untracked 
|  71|0x0000000615400000, 0x0000000615400000, 0x0000000615800000|  0%| F|  |TAMS 0x0000000615400000, 0x0000000615400000| Untracked 
|  72|0x0000000615800000, 0x0000000615800000, 0x0000000615c00000|  0%| F|  |TAMS 0x0000000615800000, 0x0000000615800000| Untracked 
|  73|0x0000000615c00000, 0x0000000615c00000, 0x0000000616000000|  0%| F|  |TAMS 0x0000000615c00000, 0x0000000615c00000| Untracked 
|  74|0x0000000616000000, 0x0000000616000000, 0x0000000616400000|  0%| F|  |TAMS 0x0000000616000000, 0x0000000616000000| Untracked 
|  75|0x0000000616400000, 0x0000000616400000, 0x0000000616800000|  0%| F|  |TAMS 0x0000000616400000, 0x0000000616400000| Untracked 
|  76|0x0000000616800000, 0x0000000616800000, 0x0000000616c00000|  0%| F|  |TAMS 0x0000000616800000, 0x0000000616800000| Untracked 
|  77|0x0000000616c00000, 0x0000000616c00000, 0x0000000617000000|  0%| F|  |TAMS 0x0000000616c00000, 0x0000000616c00000| Untracked 
|  78|0x0000000617000000, 0x0000000617000000, 0x0000000617400000|  0%| F|  |TAMS 0x0000000617000000, 0x0000000617000000| Untracked 
|  79|0x0000000617400000, 0x0000000617400000, 0x0000000617800000|  0%| F|  |TAMS 0x0000000617400000, 0x0000000617400000| Untracked 
|  80|0x0000000617800000, 0x0000000617800000, 0x0000000617c00000|  0%| F|  |TAMS 0x0000000617800000, 0x0000000617800000| Untracked 
|  81|0x0000000617c00000, 0x0000000617c00000, 0x0000000618000000|  0%| F|  |TAMS 0x0000000617c00000, 0x0000000617c00000| Untracked 
|  82|0x0000000618000000, 0x0000000618000000, 0x0000000618400000|  0%| F|  |TAMS 0x0000000618000000, 0x0000000618000000| Untracked 
|  83|0x0000000618400000, 0x0000000618400000, 0x0000000618800000|  0%| F|  |TAMS 0x0000000618400000, 0x0000000618400000| Untracked 
|  84|0x0000000618800000, 0x0000000618800000, 0x0000000618c00000|  0%| F|  |TAMS 0x0000000618800000, 0x0000000618800000| Untracked 
|  85|0x0000000618c00000, 0x0000000618c00000, 0x0000000619000000|  0%| F|  |TAMS 0x0000000618c00000, 0x0000000618c00000| Untracked 
|  86|0x0000000619000000, 0x0000000619000000, 0x0000000619400000|  0%| F|  |TAMS 0x0000000619000000, 0x0000000619000000| Untracked 
|  87|0x0000000619400000, 0x0000000619400000, 0x0000000619800000|  0%| F|  |TAMS 0x0000000619400000, 0x0000000619400000| Untracked 
|  88|0x0000000619800000, 0x0000000619800000, 0x0000000619c00000|  0%| F|  |TAMS 0x0000000619800000, 0x0000000619800000| Untracked 
|  89|0x0000000619c00000, 0x0000000619c00000, 0x000000061a000000|  0%| F|  |TAMS 0x0000000619c00000, 0x0000000619c00000| Untracked 
|  90|0x000000061a000000, 0x000000061a000000, 0x000000061a400000|  0%| F|  |TAMS 0x000000061a000000, 0x000000061a000000| Untracked 
|  91|0x000000061a400000, 0x000000061a400000, 0x000000061a800000|  0%| F|  |TAMS 0x000000061a400000, 0x000000061a400000| Untracked 
|  92|0x000000061a800000, 0x000000061a800000, 0x000000061ac00000|  0%| F|  |TAMS 0x000000061a800000, 0x000000061a800000| Untracked 
|  93|0x000000061ac00000, 0x000000061ac00000, 0x000000061b000000|  0%| F|  |TAMS 0x000000061ac00000, 0x000000061ac00000| Untracked 
|  94|0x000000061b000000, 0x000000061b000000, 0x000000061b400000|  0%| F|  |TAMS 0x000000061b000000, 0x000000061b000000| Untracked 
|  95|0x000000061b400000, 0x000000061b400000, 0x000000061b800000|  0%| F|  |TAMS 0x000000061b400000, 0x000000061b400000| Untracked 
|  96|0x000000061b800000, 0x000000061b800000, 0x000000061bc00000|  0%| F|  |TAMS 0x000000061b800000, 0x000000061b800000| Untracked 
|  97|0x000000061bc00000, 0x000000061bc00000, 0x000000061c000000|  0%| F|  |TAMS 0x000000061bc00000, 0x000000061bc00000| Untracked 
|  98|0x000000061c000000, 0x000000061c000000, 0x000000061c400000|  0%| F|  |TAMS 0x000000061c000000, 0x000000061c000000| Untracked 
|  99|0x000000061c400000, 0x000000061c400000, 0x000000061c800000|  0%| F|  |TAMS 0x000000061c400000, 0x000000061c400000| Untracked 
| 100|0x000000061c800000, 0x000000061c800000, 0x000000061cc00000|  0%| F|  |TAMS 0x000000061c800000, 0x000000061c800000| Untracked 
| 101|0x000000061cc00000, 0x000000061cc00000, 0x000000061d000000|  0%| F|  |TAMS 0x000000061cc00000, 0x000000061cc00000| Untracked 
| 102|0x000000061d000000, 0x000000061d000000, 0x000000061d400000|  0%| F|  |TAMS 0x000000061d000000, 0x000000061d000000| Untracked 
| 103|0x000000061d400000, 0x000000061d400000, 0x000000061d800000|  0%| F|  |TAMS 0x000000061d400000, 0x000000061d400000| Untracked 
| 104|0x000000061d800000, 0x000000061d800000, 0x000000061dc00000|  0%| F|  |TAMS 0x000000061d800000, 0x000000061d800000| Untracked 
| 105|0x000000061dc00000, 0x000000061dc00000, 0x000000061e000000|  0%| F|  |TAMS 0x000000061dc00000, 0x000000061dc00000| Untracked 
| 106|0x000000061e000000, 0x000000061e000000, 0x000000061e400000|  0%| F|  |TAMS 0x000000061e000000, 0x000000061e000000| Untracked 
| 107|0x000000061e400000, 0x000000061e400000, 0x000000061e800000|  0%| F|  |TAMS 0x000000061e400000, 0x000000061e400000| Untracked 
| 108|0x000000061e800000, 0x000000061e800000, 0x000000061ec00000|  0%| F|  |TAMS 0x000000061e800000, 0x000000061e800000| Untracked 
| 109|0x000000061ec00000, 0x000000061ec00000, 0x000000061f000000|  0%| F|  |TAMS 0x000000061ec00000, 0x000000061ec00000| Untracked 
| 110|0x000000061f000000, 0x000000061f000000, 0x000000061f400000|  0%| F|  |TAMS 0x000000061f000000, 0x000000061f000000| Untracked 
| 111|0x000000061f400000, 0x000000061f400000, 0x000000061f800000|  0%| F|  |TAMS 0x000000061f400000, 0x000000061f400000| Untracked 
| 112|0x000000061f800000, 0x000000061f800000, 0x000000061fc00000|  0%| F|  |TAMS 0x000000061f800000, 0x000000061f800000| Untracked 
| 113|0x000000061fc00000, 0x000000061fc00000, 0x0000000620000000|  0%| F|  |TAMS 0x000000061fc00000, 0x000000061fc00000| Untracked 
| 114|0x0000000620000000, 0x0000000620000000, 0x0000000620400000|  0%| F|  |TAMS 0x0000000620000000, 0x0000000620000000| Untracked 
| 115|0x0000000620400000, 0x0000000620400000, 0x0000000620800000|  0%| F|  |TAMS 0x0000000620400000, 0x0000000620400000| Untracked 
| 116|0x0000000620800000, 0x0000000620800000, 0x0000000620c00000|  0%| F|  |TAMS 0x0000000620800000, 0x0000000620800000| Untracked 
| 117|0x0000000620c00000, 0x0000000620c00000, 0x0000000621000000|  0%| F|  |TAMS 0x0000000620c00000, 0x0000000620c00000| Untracked 
| 118|0x0000000621000000, 0x0000000621000000, 0x0000000621400000|  0%| F|  |TAMS 0x0000000621000000, 0x0000000621000000| Untracked 
| 119|0x0000000621400000, 0x0000000621400000, 0x0000000621800000|  0%| F|  |TAMS 0x0000000621400000, 0x0000000621400000| Untracked 
| 120|0x0000000621800000, 0x0000000621800000, 0x0000000621c00000|  0%| F|  |TAMS 0x0000000621800000, 0x0000000621800000| Untracked 
| 121|0x0000000621c00000, 0x0000000622000000, 0x0000000622000000|100%| S|CS|TAMS 0x0000000621c00000, 0x0000000621c00000| Complete 
| 122|0x0000000622000000, 0x0000000622000000, 0x0000000622400000|  0%| F|  |TAMS 0x0000000622000000, 0x0000000622000000| Untracked 
| 123|0x0000000622400000, 0x0000000622400000, 0x0000000622800000|  0%| F|  |TAMS 0x0000000622400000, 0x0000000622400000| Untracked 
| 124|0x0000000622800000, 0x0000000622800000, 0x0000000622c00000|  0%| F|  |TAMS 0x0000000622800000, 0x0000000622800000| Untracked 
| 125|0x0000000622c00000, 0x0000000622c00000, 0x0000000623000000|  0%| F|  |TAMS 0x0000000622c00000, 0x0000000622c00000| Untracked 
| 126|0x0000000623000000, 0x00000006231899b8, 0x0000000623400000| 38%| E|  |TAMS 0x0000000623000000, 0x0000000623000000| Complete 
| 127|0x0000000623400000, 0x0000000623800000, 0x0000000623800000|100%| E|CS|TAMS 0x0000000623400000, 0x0000000623400000| Complete 

Card table byte_map: [0x000001dd36750000,0x000001dd37740000] _byte_map_base: 0x000001dd33734000

Marking Bits (Prev, Next): (CMBitMap*) 0x000001dd1e6cffd0, (CMBitMap*) 0x000001dd1e6d0010
 Prev Bits: [0x000001dd38730000, 0x000001dd40650000)
 Next Bits: [0x000001dd40650000, 0x000001dd48570000)

Polling page: 0x000001dd1c570000

Metaspace:

Usage:
  Non-class:      4.30 MB used.
      Class:    538.78 KB used.
       Both:      4.83 MB used.

Virtual space:
  Non-class space:       64.00 MB reserved,       4.38 MB (  7%) committed,  1 nodes.
      Class space:        1.00 GB reserved,     640.00 KB ( <1%) committed,  1 nodes.
             Both:        1.06 GB reserved,       5.00 MB ( <1%) committed. 

Chunk freelists:
   Non-Class:  10.09 MB
       Class:  15.42 MB
        Both:  25.51 MB

MaxMetaspaceSize: unlimited
CompressedClassSpaceSize: 1.00 GB
Initial GC threshold: 21.00 MB
Current GC threshold: 21.00 MB
CDS: on
MetaspaceReclaimPolicy: balanced
 - commit_granule_bytes: 65536.
 - commit_granule_words: 8192.
 - virtual_space_node_default_size: 8388608.
 - enlarge_chunks_in_place: 1.
 - new_chunks_are_fully_committed: 0.
 - uncommit_free_chunks: 1.
 - use_allocation_guard: 0.
 - handle_deallocations: 1.


Internal statistics:

num_allocs_failed_limit: 0.
num_arena_births: 96.
num_arena_deaths: 0.
num_vsnodes_births: 2.
num_vsnodes_deaths: 0.
num_space_committed: 80.
num_space_uncommitted: 0.
num_chunks_returned_to_freelist: 0.
num_chunks_taken_from_freelist: 223.
num_chunk_merges: 0.
num_chunk_splits: 136.
num_chunks_enlarged: 96.
num_purges: 0.
num_inconsistent_stats: 0.

CodeHeap 'non-profiled nmethods': size=119168Kb used=464Kb max_used=464Kb free=118703Kb
 bounds [0x000001dd2da80000, 0x000001dd2dcf0000, 0x000001dd34ee0000]
CodeHeap 'profiled nmethods': size=119104Kb used=2122Kb max_used=2122Kb free=116981Kb
 bounds [0x000001dd25ee0000, 0x000001dd26150000, 0x000001dd2d330000]
CodeHeap 'non-nmethods': size=7488Kb used=2272Kb max_used=2316Kb free=5215Kb
 bounds [0x000001dd2d330000, 0x000001dd2d5a0000, 0x000001dd2da80000]
 total_blobs=1555 nmethods=1120 adapters=346
 compilation: enabled
              stopped_count=0, restarted_count=0
 full_count=0

Compilation events (20 events):
Event: 1.236 Thread 0x000001dd4b821720 1111       3       java.lang.invoke.Invokers$Holder::linkToTargetMethod (8 bytes)
Event: 1.236 Thread 0x000001dd48766b10 1112       3       java.lang.invoke.LambdaForm$MH/0x000001dd4d000400::invoke (8 bytes)
Event: 1.236 Thread 0x000001dd4b825a80 nmethod 1110 0x000001dd260ebb90 code [0x000001dd260ebd80, 0x000001dd260ec288]
Event: 1.237 Thread 0x000001dd48766b10 nmethod 1112 0x000001dd260ec490 code [0x000001dd260ec620, 0x000001dd260ec878]
Event: 1.237 Thread 0x000001dd4b821720 nmethod 1111 0x000001dd260ec990 code [0x000001dd260ecb40, 0x000001dd260ece38]
Event: 1.238 Thread 0x000001dd4b825a80 1115       3       java.lang.Class::reflectionData (43 bytes)
Event: 1.238 Thread 0x000001dd4b825a80 nmethod 1115 0x000001dd260ecf10 code [0x000001dd260ed0e0, 0x000001dd260ed4f8]
Event: 1.239 Thread 0x000001dd4b821720 1116       3       jdk.internal.org.objectweb.asm.Type::getDescriptor (93 bytes)
Event: 1.239 Thread 0x000001dd48766b10 1117       3       jdk.internal.org.objectweb.asm.ClassWriter::visitMethod (57 bytes)
Event: 1.239 Thread 0x000001dd4b825a80 1118       3       jdk.internal.org.objectweb.asm.MethodWriter::<init> (232 bytes)
Event: 1.239 Thread 0x000001dd48766b10 nmethod 1117 0x000001dd260ed610 code [0x000001dd260ed7c0, 0x000001dd260edb48]
Event: 1.239 Thread 0x000001dd48766b10 1119       3       jdk.internal.org.objectweb.asm.MethodVisitor::<init> (7 bytes)
Event: 1.239 Thread 0x000001dd4b821720 nmethod 1116 0x000001dd260edc90 code [0x000001dd260edf00, 0x000001dd260ee6a8]
Event: 1.239 Thread 0x000001dd48766b10 nmethod 1119 0x000001dd260ee990 code [0x000001dd260eeb40, 0x000001dd260eec88]
Event: 1.239 Thread 0x000001dd4b821720 1122       3       jdk.internal.org.objectweb.asm.Type::getReturnTypeOffset (64 bytes)
Event: 1.240 Thread 0x000001dd48766b10 1126       3       jdk.internal.org.objectweb.asm.Handler::putExceptionTable (63 bytes)
Event: 1.240 Thread 0x000001dd4b825a80 nmethod 1118 0x000001dd260eed10 code [0x000001dd260eefa0, 0x000001dd260efd78]
Event: 1.240 Thread 0x000001dd48766b10 nmethod 1126 0x000001dd260f0290 code [0x000001dd260f04a0, 0x000001dd260f0928]
Event: 1.240 Thread 0x000001dd4b825a80 1125       3       jdk.internal.org.objectweb.asm.MethodWriter::putMethodInfo (1274 bytes)
Event: 1.240 Thread 0x000001dd48766b10 1120       3       jdk.internal.org.objectweb.asm.MethodWriter::visitMaxs (60 bytes)

GC Heap History (2 events):
Event: 1.020 GC heap before
{Heap before GC invocations=0 (full 0):
 garbage-first heap   total 524288K, used 24576K [0x0000000603800000, 0x0000000800000000)
  region size 4096K, 6 young (24576K), 0 survivors (0K)
 Metaspace       used 3647K, committed 3840K, reserved 1114112K
  class space    used 370K, committed 448K, reserved 1048576K
}
Event: 1.027 GC heap after
{Heap after GC invocations=1 (full 0):
 garbage-first heap   total 524288K, used 10139K [0x0000000603800000, 0x0000000800000000)
  region size 4096K, 1 young (4096K), 1 survivors (4096K)
 Metaspace       used 3647K, committed 3840K, reserved 1114112K
  class space    used 370K, committed 448K, reserved 1048576K
}

Deoptimization events (20 events):
Event: 0.672 Thread 0x000001dd1e662af0 DEOPT PACKING pc=0x000001dd25facce8 sp=0x0000009b254fd140
Event: 0.673 Thread 0x000001dd1e662af0 DEOPT UNPACKING pc=0x000001dd2d382b43 sp=0x0000009b254fc5d0 mode 0
Event: 0.674 Thread 0x000001dd1e662af0 DEOPT PACKING pc=0x000001dd25facce8 sp=0x0000009b254f9990
Event: 0.674 Thread 0x000001dd1e662af0 DEOPT UNPACKING pc=0x000001dd2d382b43 sp=0x0000009b254f8e20 mode 0
Event: 0.719 Thread 0x000001dd1e662af0 DEOPT PACKING pc=0x000001dd25eeee65 sp=0x0000009b254f8f40
Event: 0.719 Thread 0x000001dd1e662af0 DEOPT UNPACKING pc=0x000001dd2d382b43 sp=0x0000009b254f8390 mode 0
Event: 0.749 Thread 0x000001dd1e662af0 DEOPT PACKING pc=0x000001dd25eecabe sp=0x0000009b254fc8f0
Event: 0.749 Thread 0x000001dd1e662af0 DEOPT UNPACKING pc=0x000001dd2d382b43 sp=0x0000009b254fbd90 mode 0
Event: 0.768 Thread 0x000001dd1e662af0 Uncommon trap: trap_request=0xffffff45 fr.pc=0x000001dd2dab4158 relative=0x0000000000001658
Event: 0.768 Thread 0x000001dd1e662af0 Uncommon trap: reason=unstable_if action=reinterpret pc=0x000001dd2dab4158 method=java.io.WinNTFileSystem.normalize(Ljava/lang/String;)Ljava/lang/String; @ 40 c2
Event: 0.768 Thread 0x000001dd1e662af0 DEOPT PACKING pc=0x000001dd2dab4158 sp=0x0000009b254fcf80
Event: 0.768 Thread 0x000001dd1e662af0 DEOPT UNPACKING pc=0x000001dd2d3823a3 sp=0x0000009b254fcf68 mode 2
Event: 0.946 Thread 0x000001dd1e662af0 DEOPT PACKING pc=0x000001dd25facce8 sp=0x0000009b254fdf70
Event: 0.946 Thread 0x000001dd1e662af0 DEOPT UNPACKING pc=0x000001dd2d382b43 sp=0x0000009b254fd400 mode 0
Event: 0.946 Thread 0x000001dd1e662af0 DEOPT PACKING pc=0x000001dd25facce8 sp=0x0000009b254fdf70
Event: 0.946 Thread 0x000001dd1e662af0 DEOPT UNPACKING pc=0x000001dd2d382b43 sp=0x0000009b254fd400 mode 0
Event: 1.222 Thread 0x000001dd1e662af0 Uncommon trap: trap_request=0xffffffde fr.pc=0x000001dd2daee0f8 relative=0x00000000000015d8
Event: 1.222 Thread 0x000001dd1e662af0 Uncommon trap: reason=class_check action=maybe_recompile pc=0x000001dd2daee0f8 method=java.util.HashMap.putVal(ILjava/lang/Object;Ljava/lang/Object;ZZ)Ljava/lang/Object; @ 253 c2
Event: 1.222 Thread 0x000001dd1e662af0 DEOPT PACKING pc=0x000001dd2daee0f8 sp=0x0000009b254fda50
Event: 1.222 Thread 0x000001dd1e662af0 DEOPT UNPACKING pc=0x000001dd2d3823a3 sp=0x0000009b254fd9a8 mode 2

Classes unloaded (0 events):
No events

Classes redefined (0 events):
No events

Internal exceptions (15 events):
Event: 0.535 Thread 0x000001dd91419f20 Exception <a 'java/lang/NoSuchMethodError'{0x000000062252e480}: 'java.lang.Object java.lang.invoke.DirectMethodHandle$Holder.invokeStaticInit(java.lang.Object)'> (0x000000062252e480) 
thrown [s\open\src\hotspot\share\interpreter\linkResolver.cpp, line 759]
Event: 0.546 Thread 0x000001dd91419f20 Exception <a 'java/lang/NoSuchMethodError'{0x000000062253c140}: 'void java.lang.invoke.DirectMethodHandle$Holder.invokeStatic(java.lang.Object, java.lang.Object)'> (0x000000062253c140) 
thrown [s\open\src\hotspot\share\interpreter\linkResolver.cpp, line 759]
Event: 0.767 Thread 0x000001dd1e662af0 Exception <a 'java/lang/ClassNotFoundException'{0x000000062201cd98}: javax/smartcardio/CardPermission> (0x000000062201cd98) 
thrown [s\open\src\hotspot\share\classfile\systemDictionary.cpp, line 256]
Event: 0.772 Thread 0x000001dd1e662af0 Exception <a 'java/io/FileNotFoundException'{0x000000062202b2d0}> (0x000000062202b2d0) 
thrown [s\open\src\hotspot\share\prims\jni.cpp, line 516]
Event: 0.823 Thread 0x000001dd1e662af0 Exception <a 'java/lang/NoSuchMethodError'{0x00000006220adcc8}: 'java.lang.Object java.lang.invoke.DirectMethodHandle$Holder.invokeSpecial(java.lang.Object, java.lang.Object, java.lang.Object, long, java.lang.Object)'> (0x00000006220adcc8) 
thrown [s\open\src\hotspot\share\interpreter\linkResolver.cpp, line 759]
Event: 0.825 Thread 0x000001dd1e662af0 Exception <a 'java/lang/NoSuchMethodError'{0x00000006220b1898}: 'java.lang.Object java.lang.invoke.Invokers$Holder.linkToTargetMethod(java.lang.Object, long, java.lang.Object, java.lang.Object)'> (0x00000006220b1898) 
thrown [s\open\src\hotspot\share\interpreter\linkResolver.cpp, line 759]
Event: 0.954 Thread 0x000001dd1e662af0 Exception <a 'java/lang/NoSuchMethodError'{0x00000006222be618}: 'void java.lang.invoke.DirectMethodHandle$Holder.invokeStatic(java.lang.Object, java.lang.Object, java.lang.Object, java.lang.Object)'> (0x00000006222be618) 
thrown [s\open\src\hotspot\share\interpreter\linkResolver.cpp, line 759]
Event: 1.016 Thread 0x000001dd1e662af0 Exception <a 'java/lang/NoSuchMethodError'{0x00000006223f14a8}: 'int java.lang.invoke.DirectMethodHandle$Holder.invokeStaticInit(java.lang.Object, java.lang.Object)'> (0x00000006223f14a8) 
thrown [s\open\src\hotspot\share\interpreter\linkResolver.cpp, line 759]
Event: 1.078 Thread 0x000001dd1e662af0 Exception <a 'java/lang/NoSuchMethodError'{0x00000006235adec8}: 'void java.lang.invoke.DirectMethodHandle$Holder.invokeInterface(java.lang.Object, java.lang.Object, java.lang.Object, java.lang.Object)'> (0x00000006235adec8) 
thrown [s\open\src\hotspot\share\interpreter\linkResolver.cpp, line 759]
Event: 1.132 Thread 0x000001dd1e662af0 Exception <a 'java/lang/NoSuchMethodError'{0x0000000623728258}: 'java.lang.Object java.lang.invoke.DirectMethodHandle$Holder.invokeInterface(java.lang.Object, java.lang.Object)'> (0x0000000623728258) 
thrown [s\open\src\hotspot\share\interpreter\linkResolver.cpp, line 759]
Event: 1.144 Thread 0x000001dd1e662af0 Exception <a 'java/lang/NoSuchMethodError'{0x0000000623760210}: 'void java.lang.invoke.DirectMethodHandle$Holder.invokeStatic(java.lang.Object, java.lang.Object, java.lang.Object)'> (0x0000000623760210) 
thrown [s\open\src\hotspot\share\interpreter\linkResolver.cpp, line 759]
Event: 1.173 Thread 0x000001dd1e662af0 Exception <a 'java/lang/NoSuchMethodError'{0x000000062301cdb8}: 'java.lang.Object java.lang.invoke.DirectMethodHandle$Holder.invokeSpecialIFC(java.lang.Object, java.lang.Object, java.lang.Object, java.lang.Object)'> (0x000000062301cdb8) 
thrown [s\open\src\hotspot\share\interpreter\linkResolver.cpp, line 759]
Event: 1.182 Thread 0x000001dd1e662af0 Exception <a 'java/lang/NoSuchMethodError'{0x0000000623039e10}: 'java.lang.Object java.lang.invoke.DirectMethodHandle$Holder.invokeInterface(java.lang.Object, java.lang.Object, java.lang.Object)'> (0x0000000623039e10) 
thrown [s\open\src\hotspot\share\interpreter\linkResolver.cpp, line 759]
Event: 1.226 Thread 0x000001dd1e662af0 Exception <a 'java/lang/NoSuchMethodError'{0x000000062310e0a0}: 'int java.lang.invoke.DirectMethodHandle$Holder.invokeStaticInit(java.lang.Object, java.lang.Object, java.lang.Object)'> (0x000000062310e0a0) 
thrown [s\open\src\hotspot\share\interpreter\linkResolver.cpp, line 759]
Event: 1.237 Thread 0x000001dd1e662af0 Exception <a 'java/lang/NoSuchMethodError'{0x000000062316aff0}: 'java.lang.Object java.lang.invoke.DirectMethodHandle$Holder.newInvokeSpecial(java.lang.Object, java.lang.Object, java.lang.Object, java.lang.Object, java.lang.Object)'> (0x000000062316aff0) 
thrown [s\open\src\hotspot\share\interpreter\linkResolver.cpp, line 759]

VM Operations (12 events):
Event: 0.215 Executing VM operation: HandshakeAllThreads
Event: 0.215 Executing VM operation: HandshakeAllThreads done
Event: 0.533 Executing VM operation: HandshakeAllThreads
Event: 0.533 Executing VM operation: HandshakeAllThreads done
Event: 0.616 Executing VM operation: HandshakeAllThreads
Event: 0.616 Executing VM operation: HandshakeAllThreads done
Event: 0.651 Executing VM operation: HandshakeAllThreads
Event: 0.651 Executing VM operation: HandshakeAllThreads done
Event: 0.670 Executing VM operation: HandshakeAllThreads
Event: 0.670 Executing VM operation: HandshakeAllThreads done
Event: 1.019 Executing VM operation: G1CollectForAllocation
Event: 1.027 Executing VM operation: G1CollectForAllocation done

Events (20 events):
Event: 1.133 loading class sun/util/resources/TimeZoneNamesBundle done
Event: 1.133 loading class sun/util/resources/cldr/TimeZoneNames done
Event: 1.134 loading class sun/util/resources/cldr/TimeZoneNames_en
Event: 1.134 loading class sun/util/resources/cldr/TimeZoneNames_en done
Event: 1.135 loading class sun/util/resources/cldr/TimeZoneNames_en_US
Event: 1.135 loading class sun/util/resources/cldr/TimeZoneNames_en_US done
Event: 1.138 loading class sun/util/cldr/CLDRBaseLocaleDataMetaInfo$TZCanonicalIDMapHolder
Event: 1.139 loading class sun/util/cldr/CLDRBaseLocaleDataMetaInfo$TZCanonicalIDMapHolder done
Event: 1.141 loading class sun/util/resources/TimeZoneNames
Event: 1.142 loading class java/util/concurrent/RejectedExecutionException
Event: 1.143 loading class sun/util/resources/TimeZoneNames done
Event: 1.143 loading class java/util/concurrent/RejectedExecutionException done
Event: 1.143 loading class sun/util/resources/TimeZoneNames_en
Event: 1.143 loading class sun/util/resources/TimeZoneNames_en done
Event: 1.185 loading class java/util/stream/Nodes$FixedNodeBuilder
Event: 1.185 loading class java/util/stream/Nodes$ArrayNode
Event: 1.185 loading class java/util/stream/Nodes$ArrayNode done
Event: 1.185 loading class java/util/stream/Nodes$FixedNodeBuilder done
Event: 1.236 loading class java/lang/annotation/ElementType
Event: 1.236 loading class java/lang/annotation/ElementType done


Dynamic libraries:
0x00007ff6ef190000 - 0x00007ff6ef1a0000 	C:\Program Files\Java\jdk-17\bin\java.exe
0x00007ffe0d470000 - 0x00007ffe0d687000 	C:\Windows\SYSTEM32\ntdll.dll
0x00007ffe0c030000 - 0x00007ffe0c0f4000 	C:\Windows\System32\KERNEL32.DLL
0x00007ffe0acc0000 - 0x00007ffe0b06d000 	C:\Windows\System32\KERNELBASE.dll
0x00007ffe0aa50000 - 0x00007ffe0ab61000 	C:\Windows\System32\ucrtbase.dll
0x00007ffd8b420000 - 0x00007ffd8b43b000 	C:\Program Files\Java\jdk-17\bin\VCRUNTIME140.dll
0x00007ffdacdc0000 - 0x00007ffdacdd9000 	C:\Program Files\Java\jdk-17\bin\jli.dll
0x00007ffe0c210000 - 0x00007ffe0c2c2000 	C:\Windows\System32\ADVAPI32.dll
0x00007ffe0b380000 - 0x00007ffe0b427000 	C:\Windows\System32\msvcrt.dll
0x00007ffe0bee0000 - 0x00007ffe0bf89000 	C:\Windows\System32\sechost.dll
0x00007ffe0a7a0000 - 0x00007ffe0a7c8000 	C:\Windows\System32\bcrypt.dll
0x00007ffe0b1b0000 - 0x00007ffe0b2c4000 	C:\Windows\System32\RPCRT4.dll
0x00007ffe0c590000 - 0x00007ffe0c73e000 	C:\Windows\System32\USER32.dll
0x00007ffe0ac90000 - 0x00007ffe0acb6000 	C:\Windows\System32\win32u.dll
0x00007ffdebb80000 - 0x00007ffdebe13000 	C:\Windows\WinSxS\amd64_microsoft.windows.common-controls_6595b64144ccf1df_6.0.22621.3672_none_2713b9d173822955\COMCTL32.dll
0x00007ffe0b2d0000 - 0x00007ffe0b2f9000 	C:\Windows\System32\GDI32.dll
0x00007ffe0ab70000 - 0x00007ffe0ac89000 	C:\Windows\System32\gdi32full.dll
0x00007ffe0a840000 - 0x00007ffe0a8da000 	C:\Windows\System32\msvcp_win.dll
0x00007ffe01ec0000 - 0x00007ffe01eca000 	C:\Windows\SYSTEM32\VERSION.dll
0x00007ffe0bff0000 - 0x00007ffe0c021000 	C:\Windows\System32\IMM32.DLL
0x00007ffddda70000 - 0x00007ffddda7c000 	C:\Program Files\Java\jdk-17\bin\vcruntime140_1.dll
0x00007ffd627a0000 - 0x00007ffd6282e000 	C:\Program Files\Java\jdk-17\bin\msvcp140.dll
0x00007ffd511a0000 - 0x00007ffd51d7e000 	C:\Program Files\Java\jdk-17\bin\server\jvm.dll
0x00007ffe0c2d0000 - 0x00007ffe0c2d8000 	C:\Windows\System32\PSAPI.DLL
0x00007ffe04640000 - 0x00007ffe04674000 	C:\Windows\SYSTEM32\WINMM.dll
0x00007ffe027c0000 - 0x00007ffe027c9000 	C:\Windows\SYSTEM32\WSOCK32.dll
0x00007ffe0ce60000 - 0x00007ffe0ced1000 	C:\Windows\System32\WS2_32.dll
0x00007ffe09880000 - 0x00007ffe09898000 	C:\Windows\SYSTEM32\kernel.appcore.dll
0x00007ffdda1f0000 - 0x00007ffdda1fa000 	C:\Program Files\Java\jdk-17\bin\jimage.dll
0x00007ffe08170000 - 0x00007ffe083a2000 	C:\Windows\SYSTEM32\DBGHELP.DLL
0x00007ffe0cee0000 - 0x00007ffe0d268000 	C:\Windows\System32\combase.dll
0x00007ffe0c750000 - 0x00007ffe0c827000 	C:\Windows\System32\OLEAUT32.dll
0x00007ffded6e0000 - 0x00007ffded712000 	C:\Windows\SYSTEM32\dbgcore.DLL
0x00007ffe0b070000 - 0x00007ffe0b0eb000 	C:\Windows\System32\bcryptPrimitives.dll
0x00007ffda9710000 - 0x00007ffda971e000 	C:\Program Files\Java\jdk-17\bin\instrument.dll
0x00007ffd811d0000 - 0x00007ffd811f5000 	C:\Program Files\Java\jdk-17\bin\java.dll
0x00007ffd5ba20000 - 0x00007ffd5baf7000 	C:\Program Files\Java\jdk-17\bin\jsvml.dll
0x00007ffe0b5f0000 - 0x00007ffe0be4f000 	C:\Windows\System32\SHELL32.dll
0x00007ffe086a0000 - 0x00007ffe08f9c000 	C:\Windows\SYSTEM32\windows.storage.dll
0x00007ffe08560000 - 0x00007ffe0869f000 	C:\Windows\SYSTEM32\wintypes.dll
0x00007ffe0cd40000 - 0x00007ffe0ce34000 	C:\Windows\System32\SHCORE.dll
0x00007ffe0bf90000 - 0x00007ffe0bfee000 	C:\Windows\System32\shlwapi.dll
0x00007ffe0a6d0000 - 0x00007ffe0a6f1000 	C:\Windows\SYSTEM32\profapi.dll
0x00007ffd7eaa0000 - 0x00007ffd7eab8000 	C:\Program Files\Java\jdk-17\bin\zip.dll
0x00007ffd89e60000 - 0x00007ffd89e79000 	C:\Program Files\Java\jdk-17\bin\net.dll
0x00007ffe05480000 - 0x00007ffe055b6000 	C:\Windows\SYSTEM32\WINHTTP.dll
0x00007ffe09cf0000 - 0x00007ffe09d59000 	C:\Windows\system32\mswsock.dll
0x00007ffd7eac0000 - 0x00007ffd7ead6000 	C:\Program Files\Java\jdk-17\bin\nio.dll
0x00007ffd71550000 - 0x00007ffd7156a000 	C:\Program Files\JetBrains\IntelliJ IDEA Community Edition 2023.2.4\bin\breakgen64.dll
0x00007ffdd0ac0000 - 0x00007ffdd0ad0000 	C:\Program Files\Java\jdk-17\bin\verify.dll

dbghelp: loaded successfully - version: 4.0.5 - missing functions: none
symbol engine: initialized successfully - sym options: 0x614 - pdb path: .;C:\Program Files\Java\jdk-17\bin;C:\Windows\SYSTEM32;C:\Windows\WinSxS\amd64_microsoft.windows.common-controls_6595b64144ccf1df_6.0.22621.3672_none_2713b9d173822955;C:\Program Files\Java\jdk-17\bin\server;C:\Program Files\JetBrains\IntelliJ IDEA Community Edition 2023.2.4\bin

VM Arguments:
jvm_args: -javaagent:C:\Program Files\JetBrains\IntelliJ IDEA Community Edition 2023.2.4\lib\idea_rt.jar=53748:C:\Program Files\JetBrains\IntelliJ IDEA Community Edition 2023.2.4\bin -Dfile.encoding=UTF-8 
java_command: com.example.Usersmicroservice.UsersmicroserviceApplication
java_class_path (initial): C:\Users\ADMIN\Desktop\PFE_ESPRIT\Usersmicroservice\target\classes;C:\Users\ADMIN\.m2\repository\org\springframework\boot\spring-boot-starter-data-jpa\3.2.4\spring-boot-starter-data-jpa-3.2.4.jar;C:\Users\ADMIN\.m2\repository\org\springframework\boot\spring-boot-starter-aop\3.2.4\spring-boot-starter-aop-3.2.4.jar;C:\Users\ADMIN\.m2\repository\org\springframework\spring-aop\6.1.5\spring-aop-6.1.5.jar;C:\Users\ADMIN\.m2\repository\org\aspectj\aspectjweaver\1.9.21\aspectjweaver-1.9.21.jar;C:\Users\ADMIN\.m2\repository\org\springframework\boot\spring-boot-starter-jdbc\3.2.4\spring-boot-starter-jdbc-3.2.4.jar;C:\Users\ADMIN\.m2\repository\com\zaxxer\HikariCP\5.0.1\HikariCP-5.0.1.jar;C:\Users\ADMIN\.m2\repository\org\springframework\spring-jdbc\6.1.5\spring-jdbc-6.1.5.jar;C:\Users\ADMIN\.m2\repository\org\hibernate\orm\hibernate-core\6.4.4.Final\hibernate-core-6.4.4.Final.jar;C:\Users\ADMIN\.m2\repository\jakarta\persistence\jakarta.persistence-api\3.1.0\jakarta.persistence-api-3.1.0.jar;C:\Users\ADMIN\.m2\repository\jakarta\transaction\jakarta.transaction-api\2.0.1\jakarta.transaction-api-2.0.1.jar;C:\Users\ADMIN\.m2\repository\org\jboss\logging\jboss-logging\3.5.3.Final\jboss-logging-3.5.3.Final.jar;C:\Users\ADMIN\.m2\repository\org\hibernate\common\hibernate-commons-annotations\6.0.6.Final\hibernate-commons-annotations-6.0.6.Final.jar;C:\Users\ADMIN\.m2\repository\io\smallrye\jandex\3.1.2\jandex-3.1.2.jar;C:\Users\ADMIN\.m2\repository\com\fasterxml\classmate\1.6.0\classmate-1.6.0.jar;C:\Users\ADMIN\.m2\repository\net\bytebuddy\byte-buddy\1.14.12\byte-buddy-1.14.12.jar;C:\Users\ADMIN\.m2\repository\jakarta\inject\jakarta.inject-api\2.0.1\jakarta.inject-api-2.0.1.jar;C:\Users\ADMIN\.m2\repository\org\antlr\antlr4-runtime\4.13.0\antlr4-runtime-4.13.0.jar;C:\Users\ADMIN\.m2\repository\org\springframework\data\spring-data-jpa\3.2.4\spring-data-jpa-3.2.4.jar;C:\Users\ADMIN\.m2\repository\org\springframework\data\spring-data-commons\3.2.4\spring-d
Launcher Type: SUN_STANDARD

[Global flags]
     intx CICompilerCount                          = 12                                        {product} {ergonomic}
     uint ConcGCThreads                            = 3                                         {product} {ergonomic}
     uint G1ConcRefinementThreads                  = 13                                        {product} {ergonomic}
   size_t G1HeapRegionSize                         = 4194304                                   {product} {ergonomic}
    uintx GCDrainStackTargetSize                   = 64                                        {product} {ergonomic}
   size_t InitialHeapSize                          = 536870912                                 {product} {ergonomic}
   size_t MarkStackSize                            = 4194304                                   {product} {ergonomic}
   size_t MaxHeapSize                              = 8531214336                                {product} {ergonomic}
   size_t MaxNewSize                               = 5117050880                                {product} {ergonomic}
   size_t MinHeapDeltaBytes                        = 4194304                                   {product} {ergonomic}
   size_t MinHeapSize                              = 8388608                                   {product} {ergonomic}
    uintx NonNMethodCodeHeapSize                   = 7602480                                {pd product} {ergonomic}
    uintx NonProfiledCodeHeapSize                  = 122027880                              {pd product} {ergonomic}
    uintx ProfiledCodeHeapSize                     = 122027880                              {pd product} {ergonomic}
    uintx ReservedCodeCacheSize                    = 251658240                              {pd product} {ergonomic}
     bool SegmentedCodeCache                       = true                                      {product} {ergonomic}
   size_t SoftMaxHeapSize                          = 8531214336                             {manageable} {ergonomic}
     bool UseCompressedClassPointers               = true                           {product lp64_product} {ergonomic}
     bool UseCompressedOops                        = true                           {product lp64_product} {ergonomic}
     bool UseG1GC                                  = true                                      {product} {ergonomic}
     bool UseLargePagesIndividualAllocation        = false                                  {pd product} {ergonomic}

Logging:
Log output configuration:
 #0: stdout all=warning uptime,level,tags
 #1: stderr all=off uptime,level,tags

Environment Variables:
JAVA_HOME=C:\Program Files\Java\jdk-17
PATH=C:\Program Files\Common Files\Oracle\Java\javapath;C:\Program Files (x86)\Common Files\Oracle\Java\javapath;C:\Windows\system32;C:\Windows;C:\Windows\System32\Wbem;C:\Windows\System32\WindowsPowerShell\v1.0\;C:\Windows\System32\OpenSSH\;C:\Program Files (x86)\NVIDIA Corporation\PhysX\Common;C:\Program Files\Vagrant\bin;C:\Program Files\Git\cmd;C:\xampp\php;C:\composer;C:\Program Files\nodejs\;C:\Program Files\MongoDB\Server\7.0\bin;C:\Program Files\mongosh-2.2.2-win32-x64\bin;C:\Users\ADMIN\AppData\Local\Programs\Python\Python312\Scripts\;C:\Users\ADMIN\AppData\Local\Programs\Python\Python312\;C:\Users\ADMIN\AppData\Local\Programs\Python\Launcher\;C:\Users\ADMIN\AppData\Local\Microsoft\WindowsApps;C:\Program Files\JetBrains\IntelliJ IDEA Community Edition 2023.2.4\bin;;C:\Users\ADMIN\AppData\Local\Programs\Microsoft VS Code\bin;C:\Users\ADMIN\AppData\Roaming\Composer\vendor\bin;C:\xampp\php;C:\Users\ADMIN\AppData\Roaming\npm
USERNAME=ADMIN
OS=Windows_NT
PROCESSOR_IDENTIFIER=Intel64 Family 6 Model 165 Stepping 2, GenuineIntel



---------------  S Y S T E M  ---------------

OS:
 Windows 11 , 64 bit Build 22621 (10.0.22621.3672)
OS uptime: 11 days 2:44 hours
Hyper-V role detected

CPU: total 16 (initial active 16) (8 cores per cpu, 2 threads per core) family 6 model 165 stepping 2 microcode 0xf0, cx8, cmov, fxsr, ht, mmx, 3dnowpref, sse, sse2, sse3, ssse3, sse4.1, sse4.2, popcnt, lzcnt, tsc, tscinvbit, avx, avx2, aes, erms, clmul, bmi1, bmi2, adx, fma, vzeroupper, clflush, clflushopt, hv

Memory: 4k page, system-wide physical 32543M (11169M free)
TotalPageFile size 34591M (AvailPageFile size 4M)
current process WorkingSet (physical memory assigned to process): 105M, peak: 105M
current process commit charge ("private bytes"): 655M, peak: 657M

vm_info: Java HotSpot(TM) 64-Bit Server VM (17.0.8+9-LTS-211) for windows-amd64 JRE (17.0.8+9-LTS-211), built on Jun 14 2023 10:34:31 by "mach5one" with MS VC++ 17.1 (VS2022)

END.
